-338.40693 vs -338.40693444486544
1055.68 vs 1055.68
467.66038 vs 467.66037735849056
-197.77327 vs -197.77327461494164
-325.43962 vs -325.43961932083585
275.22 vs 275.22
-1697.01 vs -1697.01
-696.85085 vs -696.8508496631785
573.39827 vs 573.3982661794006
743.96 vs 743.96
-536.85496 vs -536.854956736712
-869.06243 vs -869.0624345966113
736.65013 vs 736.6501321585903
0.5841 vs 0.5840981735159817
10731 vs 10731
-605.24176 vs -605.2417574692442
-1870.96 vs -1870.96
-1257.77 vs -1257.77
0.32038 vs 0.3203774839822554
-355.26 vs -355.26
566.58 vs 566.5799999999999
137.26 vs 137.26
-1243.17017 vs -1243.17017208413
349.85 vs 349.85
581.68382 vs 581.6838189718557
3.35773 vs 3.35772862096561
-435.20153 vs -435.20153153153154
466.31289 vs 466.3128915833511
670.61603 vs 670.616025974026
889.64045 vs 889.6404476032778
-331.57009 vs -331.5700934579439
-1105.17 vs -1105.17
-713.55297 vs -713.552971934939
0.00553 vs 0.0055309836528193036
-3633.79405 vs -3633.7940500247296
2.11814 vs 2.118138686131387
-2131.92924 vs -2131.929241965569
197.04991 vs 197.0499144324016
-316.36778 vs -316.36778184332593
-1.67865 vs -1.6786516853932585
-823.98937 vs -823.989368489914
116.23286 vs 116.23286102255284
-958.98538 vs -958.9853846153846
0.00045 vs 0.00044502203339172054
-95.60083 vs -95.60083162573903
954.8758 vs 954.8757958458291
-1381.06 vs -1381.06
-820.79522 vs -820.7952162291824
